<?xml version="1.0" encoding="UTF-8"?>
<!-- Generated by org.testng.reporters.JUnitXMLReporter -->
<testsuite hostname="DESKTOP-PFUQSED" ignored="2" name="Booking.com Regression Test Suite" tests="2" failures="0" timestamp="26 Jul 2020 16:21:35 GMT" time="0.152" errors="0">
  <testcase name="@BeforeMethod beforeEachTestMethod" time="0.0" classname="base.Config">
    <failure type="org.testng.TestNGException" message="
Parameter &amp;apos;browser&amp;apos; is required by BeforeMethod on method beforeEachTestMethod but has not been marked @Optional or defined
in C:\Users\TalentTEK\Documents\GitHub\SF2020\SmokeSuite.xml">
      <![CDATA[org.testng.TestNGException: 
Parameter 'browser' is required by BeforeMethod on method beforeEachTestMethod but has not been marked @Optional or defined
in C:\Users\TalentTEK\Documents\GitHub\SF2020\SmokeSuite.xml
... Removed 24 stack frames]]>
    </failure>
  </testcase> <!-- @BeforeMethod beforeEachTestMethod -->
  <testcase name="@AfterMethod afterEachTestMethod" time="0.0" classname="base.Config">
    <skipped/>
  </testcase> <!-- @AfterMethod afterEachTestMethod -->
  <testcase name="@BeforeMethod beforeEachTestMethod" time="0.0" classname="base.Config">
    <skipped/>
  </testcase> <!-- @BeforeMethod beforeEachTestMethod -->
  <testcase name="@AfterMethod afterEachTestMethod" time="0.0" classname="base.Config">
    <skipped/>
  </testcase> <!-- @AfterMethod afterEachTestMethod -->
  <testcase name="loginWithValidCredentialUsingEmailTest" time="0.004" classname="test_signIn.LoginWithValidCredentialUsingEmail">
    <skipped/>
  </testcase> <!-- loginWithValidCredentialUsingEmailTest -->
  <testcase name="registerWithNewEmailTest" time="0.004" classname="test_register.NewRegisterTest">
    <skipped/>
  </testcase> <!-- registerWithNewEmailTest -->
  <testcase name="@AfterSuite tearDown" time="0.0" classname="base.Config">
    <ignored/>
  </testcase> <!-- @AfterSuite tearDown -->
  <testcase name="@BeforeSuite startTestSuite" time="0.0" classname="base.Config">
    <ignored/>
  </testcase> <!-- @BeforeSuite startTestSuite -->
</testsuite> <!-- Booking.com Regression Test Suite -->
