<?xml version="1.0" encoding="UTF-8"?>
<!-- Generated by org.testng.reporters.JUnitReportReporter -->
<testsuite hostname="MAHFUJ-1B5SPLO" failures="0" tests="2" name="test_signIn.VerifyUserFullName" time="13.276" errors="1" timestamp="2020-08-25T19:52:48 EDT" skipped="1">
  <testcase classname="test_signIn.VerifyUserFullName" name="userFullNameTest" time="0.000">
    <skipped/>
  </testcase> <!-- userFullNameTest -->
  <system-out/>
  <testcase classname="test_signIn.VerifyUserFullName" name="beforeEachTestMethod" time="13.276">
    <error message="session not created
from chrome not reachable
  (Session info: chrome=84.0.4147.135)
Build info: version: &#039;3.141.59&#039;, revision: &#039;e82be7d358&#039;, time: &#039;2018-11-14T08:25:48&#039;
System info: host: &#039;MAHFUJ-1B5SPLO&#039;, ip: &#039;10.0.0.5&#039;, os.name: &#039;Windows 10&#039;, os.arch: &#039;amd64&#039;, os.version: &#039;10.0&#039;, java.version: &#039;13.0.2&#039;
Driver info: driver.version: ChromeDriver
remote stacktrace: Backtrace:
	Ordinal0 [0x00AC9563+2725219]
	Ordinal0 [0x009C8551+1672529]
	Ordinal0 [0x008B0202+524802]
	Ordinal0 [0x008A99B2+498098]
	Ordinal0 [0x008AA09B+499867]
	Ordinal0 [0x008AAFF5+503797]
	Ordinal0 [0x008A6994+485780]
	Ordinal0 [0x008B0FF0+528368]
	Ordinal0 [0x0085D6C9+186057]
	Ordinal0 [0x0085CA3D+182845]
	Ordinal0 [0x0085A94B+174411]
	Ordinal0 [0x00842528+75048]
	Ordinal0 [0x008435A0+79264]
	Ordinal0 [0x00843539+79161]
	Ordinal0 [0x009DD607+1758727]
	GetHandleVerifier [0x00BE6546+1050150]
	GetHandleVerifier [0x00BE6291+1049457]
	GetHandleVerifier [0x00BF10D7+1094071]
	GetHandleVerifier [0x00BE6B46+1051686]
	Ordinal0 [0x009D5B06+1727238]
	Ordinal0 [0x009DEB7B+1764219]
	Ordinal0 [0x009DECE3+1764579]
	Ordinal0 [0x009F4C05+1854469]
	BaseThreadInitThunk [0x74FA6359+25]
	RtlGetAppContainerNamedObjectPath [0x76FA7C24+228]
	RtlGetAppContainerNamedObjectPath [0x76FA7BF4+180]
" type="org.openqa.selenium.SessionNotCreatedException">
      <![CDATA[org.openqa.selenium.SessionNotCreatedException: session not created
from chrome not reachable
  (Session info: chrome=84.0.4147.135)
Build info: version: '3.141.59', revision: 'e82be7d358', time: '2018-11-14T08:25:48'
System info: host: 'MAHFUJ-1B5SPLO', ip: '10.0.0.5', os.name: 'Windows 10', os.arch: 'amd64', os.version: '10.0', java.version: '13.0.2'
Driver info: driver.version: ChromeDriver
remote stacktrace: Backtrace:
Ordinal0 [0x00AC9563+2725219]
Ordinal0 [0x009C8551+1672529]
Ordinal0 [0x008B0202+524802]
Ordinal0 [0x008A99B2+498098]
Ordinal0 [0x008AA09B+499867]
Ordinal0 [0x008AAFF5+503797]
Ordinal0 [0x008A6994+485780]
Ordinal0 [0x008B0FF0+528368]
Ordinal0 [0x0085D6C9+186057]
Ordinal0 [0x0085CA3D+182845]
Ordinal0 [0x0085A94B+174411]
Ordinal0 [0x00842528+75048]
Ordinal0 [0x008435A0+79264]
Ordinal0 [0x00843539+79161]
Ordinal0 [0x009DD607+1758727]
GetHandleVerifier [0x00BE6546+1050150]
GetHandleVerifier [0x00BE6291+1049457]
GetHandleVerifier [0x00BF10D7+1094071]
GetHandleVerifier [0x00BE6B46+1051686]
Ordinal0 [0x009D5B06+1727238]
Ordinal0 [0x009DEB7B+1764219]
Ordinal0 [0x009DECE3+1764579]
Ordinal0 [0x009F4C05+1854469]
BaseThreadInitThunk [0x74FA6359+25]
RtlGetAppContainerNamedObjectPath [0x76FA7C24+228]
RtlGetAppContainerNamedObjectPath [0x76FA7BF4+180]

at java.base/jdk.internal.reflect.NativeConstructorAccessorImpl.newInstance0(Native Method)
at java.base/jdk.internal.reflect.NativeConstructorAccessorImpl.newInstance(NativeConstructorAccessorImpl.java:62)
at java.base/jdk.internal.reflect.DelegatingConstructorAccessorImpl.newInstance(DelegatingConstructorAccessorImpl.java:45)
at java.base/java.lang.reflect.Constructor.newInstanceWithCaller(Constructor.java:500)
at java.base/java.lang.reflect.Constructor.newInstance(Constructor.java:481)
at org.openqa.selenium.remote.W3CHandshakeResponse.lambda$errorHandler$0(W3CHandshakeResponse.java:62)
at org.openqa.selenium.remote.HandshakeResponse.lambda$getResponseFunction$0(HandshakeResponse.java:30)
at org.openqa.selenium.remote.ProtocolHandshake.lambda$createSession$0(ProtocolHandshake.java:126)
at java.base/java.util.stream.ReferencePipeline$3$1.accept(ReferencePipeline.java:195)
at java.base/java.util.Spliterators$ArraySpliterator.tryAdvance(Spliterators.java:958)
at java.base/java.util.stream.ReferencePipeline.forEachWithCancel(ReferencePipeline.java:127)
at java.base/java.util.stream.AbstractPipeline.copyIntoWithCancel(AbstractPipeline.java:502)
at java.base/java.util.stream.AbstractPipeline.copyInto(AbstractPipeline.java:488)
at java.base/java.util.stream.AbstractPipeline.wrapAndCopyInto(AbstractPipeline.java:474)
at java.base/java.util.stream.FindOps$FindOp.evaluateSequential(FindOps.java:150)
at java.base/java.util.stream.AbstractPipeline.evaluate(AbstractPipeline.java:234)
at java.base/java.util.stream.ReferencePipeline.findFirst(ReferencePipeline.java:543)
at org.openqa.selenium.remote.ProtocolHandshake.createSession(ProtocolHandshake.java:128)
at org.openqa.selenium.remote.ProtocolHandshake.createSession(ProtocolHandshake.java:74)
at org.openqa.selenium.remote.HttpCommandExecutor.execute(HttpCommandExecutor.java:136)
at org.openqa.selenium.remote.service.DriverCommandExecutor.execute(DriverCommandExecutor.java:83)
at org.openqa.selenium.remote.RemoteWebDriver.execute(RemoteWebDriver.java:552)
at org.openqa.selenium.remote.RemoteWebDriver.startSession(RemoteWebDriver.java:213)
at org.openqa.selenium.remote.RemoteWebDriver.<init>(RemoteWebDriver.java:131)
at org.openqa.selenium.chrome.ChromeDriver.<init>(ChromeDriver.java:181)
at org.openqa.selenium.chrome.ChromeDriver.<init>(ChromeDriver.java:168)
at org.openqa.selenium.chrome.ChromeDriver.<init>(ChromeDriver.java:123)
at base.Config.beforeEachTestMethod(Config.java:38)
at java.base/jdk.internal.reflect.NativeMethodAccessorImpl.invoke0(Native Method)
at java.base/jdk.internal.reflect.NativeMethodAccessorImpl.invoke(NativeMethodAccessorImpl.java:62)
at java.base/jdk.internal.reflect.DelegatingMethodAccessorImpl.invoke(DelegatingMethodAccessorImpl.java:43)
at java.base/java.lang.reflect.Method.invoke(Method.java:567)
at org.testng.internal.MethodInvocationHelper.invokeMethod(MethodInvocationHelper.java:135)
at org.testng.internal.MethodInvocationHelper.invokeMethodConsideringTimeout(MethodInvocationHelper.java:64)
at org.testng.internal.ConfigInvoker.invokeConfigurationMethod(ConfigInvoker.java:364)
at org.testng.internal.ConfigInvoker.invokeConfigurations(ConfigInvoker.java:318)
at org.testng.internal.TestInvoker.runConfigMethods(TestInvoker.java:700)
at org.testng.internal.TestInvoker.invokeMethod(TestInvoker.java:527)
at org.testng.internal.TestInvoker.invokeTestMethod(TestInvoker.java:174)
at org.testng.internal.MethodRunner.runInSequence(MethodRunner.java:46)
at org.testng.internal.TestInvoker$MethodInvocationAgent.invoke(TestInvoker.java:821)
at org.testng.internal.TestInvoker.invokeTestMethods(TestInvoker.java:147)
at org.testng.internal.TestMethodWorker.invokeTestMethods(TestMethodWorker.java:146)
at org.testng.internal.TestMethodWorker.run(TestMethodWorker.java:128)
at java.base/java.util.ArrayList.forEach(ArrayList.java:1507)
at org.testng.TestRunner.privateRun(TestRunner.java:767)
at org.testng.TestRunner.run(TestRunner.java:588)
at org.testng.SuiteRunner.runTest(SuiteRunner.java:384)
at org.testng.SuiteRunner.runSequentially(SuiteRunner.java:378)
at org.testng.SuiteRunner.privateRun(SuiteRunner.java:337)
at org.testng.SuiteRunner.run(SuiteRunner.java:286)
at org.testng.SuiteRunnerWorker.runSuite(SuiteRunnerWorker.java:53)
at org.testng.SuiteRunnerWorker.run(SuiteRunnerWorker.java:96)
at org.testng.TestNG.runSuitesSequentially(TestNG.java:1214)
at org.testng.TestNG.runSuitesLocally(TestNG.java:1136)
at org.testng.TestNG.runSuites(TestNG.java:1066)
at org.testng.TestNG.run(TestNG.java:1034)
at org.testng.remote.AbstractRemoteTestNG.run(AbstractRemoteTestNG.java:115)
at org.testng.remote.RemoteTestNG.initAndRun(RemoteTestNG.java:251)
at org.testng.remote.RemoteTestNG.main(RemoteTestNG.java:77)
]]>
    </error>
  </testcase> <!-- beforeEachTestMethod -->
  <system-out/>
</testsuite> <!-- test_signIn.VerifyUserFullName -->
