<!DOCTYPE html PUBLIC "-//W3C//DTD XHTML 1.1//EN" "http://www.w3.org/TR/xhtml11/DTD/xhtml11.dtd">
<html xmlns="http://www.w3.org/1999/xhtml"><head><title>TestNG Report</title><style type="text/css">table {margin-bottom:10px;border-collapse:collapse;empty-cells:show}th,td {border:1px solid #009;padding:.25em .5em}th {vertical-align:bottom}td {vertical-align:top}table a {font-weight:bold}.stripe td {background-color: #E6EBF9}.num {text-align:right}.passedodd td {background-color: #3F3}.passedeven td {background-color: #0A0}.skippedodd td {background-color: #DDD}.skippedeven td {background-color: #CCC}.failedodd td,.attn {background-color: #F33}.failedeven td,.stripe .attn {background-color: #D00}.stacktrace {white-space:pre;font-family:monospace}.totop {font-size:85%;text-align:center;border-bottom:2px solid #000}</style></head><body><table><tr><th>Test</th><th># Passed</th><th># Skipped</th><th># Failed</th><th>Time (ms)</th><th>Included Groups</th><th>Excluded Groups</th></tr><tr><th colspan="7">Booking.com - Smoke Test Suite</th></tr><tr><td><a href="#t0">Running Smoke suite in firefox</a></td><td class="num">0</td><td class="num attn">1</td><td class="num attn">1</td><td class="num">40,732</td><td></td><td></td></tr><tr class="stripe"><td><a href="#t1">Running Smoke suite in Chrome</a></td><td class="num">0</td><td class="num attn">1</td><td class="num attn">1</td><td class="num">15,939</td><td></td><td></td></tr><tr><th>Total</th><th class="num">0</th><th class="num attn">2</th><th class="num attn">2</th><th class="num">56,671</th><th colspan="2"></th></tr></table><table><thead><tr><th>Class</th><th>Method</th><th>Start</th><th>Time (ms)</th></tr></thead><tbody><tr><th colspan="4">Booking.com - Smoke Test Suite</th></tr></tbody><tbody id="t0"><tr><th colspan="4">Running Smoke suite in firefox &#8212; failed (configuration methods)</th></tr><tr class="failedeven"><td rowspan="1">test_signIn.VerifyUserFullName</td><td><a href="#m0">afterEachTestMethod</a></td><td rowspan="1">1599001708022</td><td rowspan="1">0</td></tr><tr><th colspan="4">Running Smoke suite in firefox &#8212; failed</th></tr><tr class="failedeven"><td rowspan="1">test_signIn.VerifyUserFullName</td><td><a href="#m1">userFullNameTest</a></td><td rowspan="1">1599001689929</td><td rowspan="1">18091</td></tr><tr><th colspan="4">Running Smoke suite in firefox &#8212; skipped (configuration methods)</th></tr><tr class="skippedeven"><td rowspan="2">test_register.NewRegisterTest</td><td><a href="#m2">afterEachTestMethod</a></td><td rowspan="1">1599001712059</td><td rowspan="1">0</td></tr><tr class="skippedeven"><td><a href="#m3">beforeEachTestMethod</a></td><td rowspan="1">1599001712059</td><td rowspan="1">0</td></tr><tr><th colspan="4">Running Smoke suite in firefox &#8212; skipped</th></tr><tr class="skippedeven"><td rowspan="1">test_register.NewRegisterTest</td><td><a href="#m4">registerWithNewEmailTest</a></td><td rowspan="1">1599001712059</td><td rowspan="1">0</td></tr></tbody><tbody id="t1"><tr><th colspan="4">Running Smoke suite in Chrome &#8212; failed (configuration methods)</th></tr><tr class="failedeven"><td rowspan="1">test_signIn.VerifyUserFullName</td><td><a href="#m5">afterEachTestMethod</a></td><td rowspan="1">1599001727783</td><td rowspan="1">0</td></tr><tr><th colspan="4">Running Smoke suite in Chrome &#8212; failed</th></tr><tr class="failedeven"><td rowspan="1">test_signIn.VerifyUserFullName</td><td><a href="#m6">userFullNameTest</a></td><td rowspan="1">1599001720100</td><td rowspan="1">7682</td></tr><tr><th colspan="4">Running Smoke suite in Chrome &#8212; skipped (configuration methods)</th></tr><tr class="skippedeven"><td rowspan="2">test_register.NewRegisterTest</td><td><a href="#m7">afterEachTestMethod</a></td><td rowspan="1">1599001728033</td><td rowspan="1">0</td></tr><tr class="skippedeven"><td><a href="#m8">beforeEachTestMethod</a></td><td rowspan="1">1599001728033</td><td rowspan="1">0</td></tr><tr class="skippedodd"><td rowspan="1">test_signIn.VerifyUserFullName</td><td><a href="#m9">tearDown</a></td><td rowspan="1">1599001728058</td><td rowspan="1">0</td></tr><tr><th colspan="4">Running Smoke suite in Chrome &#8212; skipped</th></tr><tr class="skippedeven"><td rowspan="1">test_register.NewRegisterTest</td><td><a href="#m10">registerWithNewEmailTest</a></td><td rowspan="1">1599001728033</td><td rowspan="1">0</td></tr></tbody></table><h2>Running Smoke suite in firefox</h2><h3 id="m0">test_signIn.VerifyUserFullName#afterEachTestMethod</h3><table class="result"><tr><th>Exception</th></tr><tr><td><div class="stacktrace">org.openqa.selenium.WebDriverException: chrome not reachable
  (Session info: chrome=85.0.4183.83)
Build info: version: &apos;3.141.59&apos;, revision: &apos;e82be7d358&apos;, time: &apos;2018-11-14T08:25:48&apos;
System info: host: &apos;MAHFUJ-1B5SPLO&apos;, ip: &apos;10.0.0.9&apos;, os.name: &apos;Windows 10&apos;, os.arch: &apos;amd64&apos;, os.version: &apos;10.0&apos;, java.version: &apos;1.8.0_261&apos;
Driver info: org.openqa.selenium.chrome.ChromeDriver
Capabilities {acceptInsecureCerts: false, browserName: chrome, browserVersion: 85.0.4183.83, chrome: {chromedriverVersion: 85.0.4183.87 (cd6713ebf92fa..., userDataDir: C:\Users\MAHFUJ~1\AppData\L...}, goog:chromeOptions: {debuggerAddress: localhost:55239}, javascriptEnabled: true, networkConnectionEnabled: false, pageLoadStrategy: normal, platform: WINDOWS, platformName: WINDOWS, proxy: Proxy(), setWindowRect: true, strictFileInteractability: false, timeouts: {implicit: 0, pageLoad: 300000, script: 30000}, unhandledPromptBehavior: dismiss and notify, webauthn:virtualAuthenticators: true}
Session ID: 04623f292c27ffcaed7da8f45d03b403
	at org.openqa.selenium.remote.http.W3CHttpResponseCodec.createException(W3CHttpResponseCodec.java:187)
	at org.openqa.selenium.remote.http.W3CHttpResponseCodec.decode(W3CHttpResponseCodec.java:122)
	at org.openqa.selenium.remote.http.W3CHttpResponseCodec.decode(W3CHttpResponseCodec.java:49)
	at org.openqa.selenium.remote.HttpCommandExecutor.execute(HttpCommandExecutor.java:158)
	at org.openqa.selenium.remote.service.DriverCommandExecutor.execute(DriverCommandExecutor.java:83)
	at org.openqa.selenium.remote.RemoteWebDriver.execute(RemoteWebDriver.java:552)
	at org.openqa.selenium.remote.RemoteWebDriver.execute(RemoteWebDriver.java:609)
	at org.openqa.selenium.remote.RemoteWebDriver.close(RemoteWebDriver.java:442)
	at base.Config.afterEachTestMethod(Config.java:49)
... Removed 29 stack frames</div></td></tr></table><p class="totop"><a href="#summary">back to summary</a></p><h3 id="m1">test_signIn.VerifyUserFullName#userFullNameTest</h3><table class="result"><tr><th>Exception</th></tr><tr><td><div class="stacktrace">org.openqa.selenium.NoSuchElementException: Cannot locate an element using xpath=//*[@id=&apos;root&apos;]/div/div[2]/div/div[1]/div[2]/div/div/div/form/div[3]/button
For documentation on this error, please visit: https://www.seleniumhq.org/exceptions/no_such_element.html
Build info: version: &apos;3.141.59&apos;, revision: &apos;e82be7d358&apos;, time: &apos;2018-11-14T08:25:48&apos;
System info: host: &apos;MAHFUJ-1B5SPLO&apos;, ip: &apos;10.0.0.9&apos;, os.name: &apos;Windows 10&apos;, os.arch: &apos;amd64&apos;, os.version: &apos;10.0&apos;, java.version: &apos;1.8.0_261&apos;
Driver info: driver.version: RemoteWebDriver
	at org.openqa.selenium.remote.RemoteWebDriver.findElement(RemoteWebDriver.java:327)
	at org.openqa.selenium.remote.RemoteWebDriver.findElementByXPath(RemoteWebDriver.java:428)
	at org.openqa.selenium.By$ByXPath.findElement(By.java:353)
	at org.openqa.selenium.remote.RemoteWebDriver.findElement(RemoteWebDriver.java:315)
	at base.WDFunctions.clickByXpath(WDFunctions.java:39)
	at test_signIn.VerifyUserFullName.userFullNameTest(VerifyUserFullName.java:25)
... Removed 23 stack frames</div></td></tr></table><p class="totop"><a href="#summary">back to summary</a></p><h3 id="m2">test_register.NewRegisterTest#afterEachTestMethod</h3><table class="result"></table><p class="totop"><a href="#summary">back to summary</a></p><h3 id="m3">test_register.NewRegisterTest#beforeEachTestMethod</h3><table class="result"></table><p class="totop"><a href="#summary">back to summary</a></p><h3 id="m4">test_register.NewRegisterTest#registerWithNewEmailTest</h3><table class="result"></table><p class="totop"><a href="#summary">back to summary</a></p><h2>Running Smoke suite in Chrome</h2><h3 id="m5">test_signIn.VerifyUserFullName#afterEachTestMethod</h3><table class="result"><tr><th>Exception</th></tr><tr><td><div class="stacktrace">org.openqa.selenium.WebDriverException: chrome not reachable
  (Session info: chrome=85.0.4183.83)
Build info: version: &apos;3.141.59&apos;, revision: &apos;e82be7d358&apos;, time: &apos;2018-11-14T08:25:48&apos;
System info: host: &apos;MAHFUJ-1B5SPLO&apos;, ip: &apos;10.0.0.9&apos;, os.name: &apos;Windows 10&apos;, os.arch: &apos;amd64&apos;, os.version: &apos;10.0&apos;, java.version: &apos;1.8.0_261&apos;
Driver info: org.openqa.selenium.chrome.ChromeDriver
Capabilities {acceptInsecureCerts: false, browserName: chrome, browserVersion: 85.0.4183.83, chrome: {chromedriverVersion: 85.0.4183.87 (cd6713ebf92fa..., userDataDir: C:\Users\MAHFUJ~1\AppData\L...}, goog:chromeOptions: {debuggerAddress: localhost:55313}, javascriptEnabled: true, networkConnectionEnabled: false, pageLoadStrategy: normal, platform: WINDOWS, platformName: WINDOWS, proxy: Proxy(), setWindowRect: true, strictFileInteractability: false, timeouts: {implicit: 0, pageLoad: 300000, script: 30000}, unhandledPromptBehavior: dismiss and notify, webauthn:virtualAuthenticators: true}
Session ID: 2a7d440f06626e8411cb2e483e226a21
	at org.openqa.selenium.remote.http.W3CHttpResponseCodec.createException(W3CHttpResponseCodec.java:187)
	at org.openqa.selenium.remote.http.W3CHttpResponseCodec.decode(W3CHttpResponseCodec.java:122)
	at org.openqa.selenium.remote.http.W3CHttpResponseCodec.decode(W3CHttpResponseCodec.java:49)
	at org.openqa.selenium.remote.HttpCommandExecutor.execute(HttpCommandExecutor.java:158)
	at org.openqa.selenium.remote.service.DriverCommandExecutor.execute(DriverCommandExecutor.java:83)
	at org.openqa.selenium.remote.RemoteWebDriver.execute(RemoteWebDriver.java:552)
	at org.openqa.selenium.remote.RemoteWebDriver.execute(RemoteWebDriver.java:609)
	at org.openqa.selenium.remote.RemoteWebDriver.close(RemoteWebDriver.java:442)
	at base.Config.afterEachTestMethod(Config.java:49)
... Removed 29 stack frames</div></td></tr></table><p class="totop"><a href="#summary">back to summary</a></p><h3 id="m6">test_signIn.VerifyUserFullName#userFullNameTest</h3><table class="result"><tr><th>Exception</th></tr><tr><td><div class="stacktrace">org.openqa.selenium.NoSuchElementException: Cannot locate an element using xpath=//*[@id=&apos;root&apos;]/div/div[2]/div/div[1]/div[2]/div/div/div/form/div[3]/button
For documentation on this error, please visit: https://www.seleniumhq.org/exceptions/no_such_element.html
Build info: version: &apos;3.141.59&apos;, revision: &apos;e82be7d358&apos;, time: &apos;2018-11-14T08:25:48&apos;
System info: host: &apos;MAHFUJ-1B5SPLO&apos;, ip: &apos;10.0.0.9&apos;, os.name: &apos;Windows 10&apos;, os.arch: &apos;amd64&apos;, os.version: &apos;10.0&apos;, java.version: &apos;1.8.0_261&apos;
Driver info: driver.version: RemoteWebDriver
	at org.openqa.selenium.remote.RemoteWebDriver.findElement(RemoteWebDriver.java:327)
	at org.openqa.selenium.remote.RemoteWebDriver.findElementByXPath(RemoteWebDriver.java:428)
	at org.openqa.selenium.By$ByXPath.findElement(By.java:353)
	at org.openqa.selenium.remote.RemoteWebDriver.findElement(RemoteWebDriver.java:315)
	at base.WDFunctions.clickByXpath(WDFunctions.java:39)
	at test_signIn.VerifyUserFullName.userFullNameTest(VerifyUserFullName.java:25)
... Removed 23 stack frames</div></td></tr></table><p class="totop"><a href="#summary">back to summary</a></p><h3 id="m7">test_register.NewRegisterTest#afterEachTestMethod</h3><table class="result"></table><p class="totop"><a href="#summary">back to summary</a></p><h3 id="m8">test_register.NewRegisterTest#beforeEachTestMethod</h3><table class="result"></table><p class="totop"><a href="#summary">back to summary</a></p><h3 id="m9">test_signIn.VerifyUserFullName#tearDown</h3><table class="result"></table><p class="totop"><a href="#summary">back to summary</a></p><h3 id="m10">test_register.NewRegisterTest#registerWithNewEmailTest</h3><table class="result"></table><p class="totop"><a href="#summary">back to summary</a></p></body></html>